mode: atomic
github.com/topfreegames/resources-check/model/monitor-log.go:11.59,15.2 1 0
github.com/topfreegames/resources-check/model/monitor-log.go:18.56,21.2 2 0
github.com/topfreegames/resources-check/model/monitor-log.go:24.36,26.2 1 0
github.com/topfreegames/resources-check/model/worker.go:35.20,45.16 5 15
github.com/topfreegames/resources-check/model/worker.go:48.2,49.16 2 15
github.com/topfreegames/resources-check/model/worker.go:53.2,53.20 1 15
github.com/topfreegames/resources-check/model/worker.go:45.16,47.3 1 0
github.com/topfreegames/resources-check/model/worker.go:49.16,51.3 1 0
github.com/topfreegames/resources-check/model/worker.go:56.46,58.2 1 15
github.com/topfreegames/resources-check/model/worker.go:60.36,62.2 1 15
github.com/topfreegames/resources-check/model/worker.go:68.9,69.34 1 15
github.com/topfreegames/resources-check/model/worker.go:73.2,74.16 2 0
github.com/topfreegames/resources-check/model/worker.go:77.2,78.12 2 0
github.com/topfreegames/resources-check/model/worker.go:69.34,72.3 2 15
github.com/topfreegames/resources-check/model/worker.go:74.16,76.3 1 0
github.com/topfreegames/resources-check/model/worker.go:83.9,84.26 1 15
github.com/topfreegames/resources-check/model/worker.go:89.2,90.16 2 0
github.com/topfreegames/resources-check/model/worker.go:93.2,97.12 2 0
github.com/topfreegames/resources-check/model/worker.go:84.26,87.3 2 15
github.com/topfreegames/resources-check/model/worker.go:90.16,92.3 1 0
github.com/topfreegames/resources-check/model/worker.go:101.26,108.12 5 15
github.com/topfreegames/resources-check/model/worker.go:108.12,109.10 1 96
github.com/topfreegames/resources-check/model/worker.go:110.19,111.13 1 96
github.com/topfreegames/resources-check/model/worker.go:116.26,122.16 3 111
github.com/topfreegames/resources-check/model/worker.go:126.2,126.39 1 111
github.com/topfreegames/resources-check/model/worker.go:122.16,124.3 1 0
github.com/topfreegames/resources-check/model/worker.go:126.39,128.17 2 111
github.com/topfreegames/resources-check/model/worker.go:131.3,131.41 1 111
github.com/topfreegames/resources-check/model/worker.go:128.17,130.4 1 0
github.com/topfreegames/resources-check/model/worker.go:135.53,139.16 3 111
github.com/topfreegames/resources-check/model/worker.go:142.2,144.53 2 111
github.com/topfreegames/resources-check/model/worker.go:148.2,148.24 1 111
github.com/topfreegames/resources-check/model/worker.go:139.16,141.3 1 0
github.com/topfreegames/resources-check/model/worker.go:144.53,146.3 1 111
github.com/topfreegames/resources-check/model/worker.go:153.21,156.16 2 111
github.com/topfreegames/resources-check/model/worker.go:160.2,162.16 2 111
github.com/topfreegames/resources-check/model/worker.go:166.2,168.16 2 111
github.com/topfreegames/resources-check/model/worker.go:172.2,176.31 4 111
github.com/topfreegames/resources-check/model/worker.go:156.16,158.3 1 0
github.com/topfreegames/resources-check/model/worker.go:162.16,164.3 1 0
github.com/topfreegames/resources-check/model/worker.go:168.16,170.3 1 0
github.com/topfreegames/resources-check/model/worker.go:179.56,180.27 1 111
github.com/topfreegames/resources-check/model/worker.go:184.2,184.37 1 12
github.com/topfreegames/resources-check/model/worker.go:180.27,182.3 1 99
github.com/topfreegames/resources-check/model/worker.go:184.37,186.17 2 12
github.com/topfreegames/resources-check/model/worker.go:186.17,189.4 1 0
github.com/topfreegames/resources-check/model/helper.go:8.27,11.2 2 111
github.com/topfreegames/resources-check/model/mocks.go:21.73,25.2 3 15
github.com/topfreegames/resources-check/model/mocks.go:27.69,29.2 1 12
github.com/topfreegames/resources-check/model/mocks.go:31.61,33.29 2 12
github.com/topfreegames/resources-check/model/mocks.go:36.2,38.13 3 12
github.com/topfreegames/resources-check/model/mocks.go:33.29,35.3 1 12
github.com/topfreegames/resources-check/model/mocks.go:41.80,43.2 1 12
github.com/topfreegames/resources-check/model/mocks.go:45.45,49.2 3 0
github.com/topfreegames/resources-check/model/mocks.go:51.61,53.2 1 0
github.com/topfreegames/resources-check/model/monitor-datadog.go:20.70,25.16 4 0
github.com/topfreegames/resources-check/model/monitor-datadog.go:29.2,32.8 1 0
github.com/topfreegames/resources-check/model/monitor-datadog.go:25.16,27.3 1 0
github.com/topfreegames/resources-check/model/monitor-datadog.go:36.60,38.41 2 0
github.com/topfreegames/resources-check/model/monitor-datadog.go:46.2,46.12 1 0
github.com/topfreegames/resources-check/model/monitor-datadog.go:38.41,45.3 1 0
github.com/topfreegames/resources-check/model/monitor-datadog.go:49.59,54.2 1 0
github.com/topfreegames/resources-check/model/monitor-datadog.go:57.40,59.2 1 0
